<?xml version="1.0" encoding="UTF-8"?>
<testsuite xmlns:xsi="http://www.w3.org/2001/XMLSchema-instance" xsi:noNamespaceSchemaLocation="https://maven.apache.org/surefire/maven-surefire-plugin/xsd/surefire-test-report.xsd" name="org.example.MangerTest" time="0.03" tests="4" errors="0" skipped="0" failures="0">
  <properties>
[...]
</properties>
  <testcase name="testFindAll" classname="org.example.MangerTest" time="0.02"/>
  <testcase name="testQuantityLimitMax" classname="org.example.MangerTest" time="0"/>
  <testcase name="addTesting" classname="org.example.MangerTest" time="0.001"/>
  <testcase name="testQuantityLimitOtherValue" classname="org.example.MangerTest" time="0.001"/>
</testsuite>